<?xml version="1.0" encoding="UTF-8"?>
<!-- Generated by org.testng.reporters.JUnitReportReporter -->
<testsuite hostname="DESKTOP-TVHLI9F" failures="0" tests="1" name="test.RozetkaUaTest" time="6.010" errors="0" timestamp="2022-05-30T14:58:48 EEST" skipped="0">
  <testcase classname="test.RozetkaUaTest" name="runRozetka" time="6.010"/>
  <system-out/>
</testsuite> <!-- test.RozetkaUaTest -->
